Arguments: 
  C:\Program Files\nodejs\node.exe C:\Users\kumar\AppData\Roaming\npm\node_modules\yarn\bin\yarn.js build

PATH: 
  C:\Users\kumar\AppData\Local\Temp\yarn--1610299783334-0.7804561731865223;C:\Public\dev\restaf-server\node_modules\.bin;C:\Users\kumar\AppData\Local\Yarn\Data\link\node_modules\.bin;C:\Public\dev\restaf-server\node_modules\.bin;C:\Program Files\libexec\lib\node_modules\npm\bin\node-gyp-bin;C:\Program Files\lib\node_modules\npm\bin\node-gyp-bin;C:\Program Files\nodejs\node_modules\npm\bin\node-gyp-bin;C:\Python27\;C:\Python27\Scripts;C:\bin;C:\Program Files\Java\jre1.8.0_151\bin;C:\WINDOWS\system32;C:\WINDOWS;C:\WINDOWS\System32\Wbem;C:\WINDOWS\System32\WindowsPowerShell\v1.0\;C:\Users\kumar\AppData\Roaming\npm;C:\Users\kumar\AppData\Roaming\npm\node_modules;C:\Users\kumar\.windows-build-tools\python27;C:\Users\kumar\AppData\Local\Programs\Python\Python35;C:\ProgramData\Anaconda3;C:\ProgramData\Anaconda3\Scripts;C:\ProgramData\Anaconda3\Library\bin;C:\HashiCorp\Vagrant\bin;C:\Program Files\Intel\WiFi\bin\;C:\Program Files\Common Files\Intel\WirelessCommon\;C:\Program Files\Cloud Foundry;C:\Program Files\Microsoft VS Code\bin;C:\Program Files\Amazon\AWSCLI\;C:\Program Files\CMake\bin;C:\Program Files\dotnet\;C:\Program Files\Microsoft SQL Server\130\Tools\Binn\;C:\Program Files\PuTTY\;c:\Program files\git\bin;C:\Program Files\Pandoc\;C:\gradle\gradle-5.5\bin;C:\Users\kumar\AppData\Roaming\npm\node_modules\bin;C:\Program Files\nodejs\;C:\ProgramData\chocolatey\bin;C:\Program Files (x86)\Yarn\bin\;c:\Users\kumar\.sas\admin-plugins;C:\Program Files\Git\cmd;C:\Program Files\Docker\Docker\resources\bin;C:\ProgramData\DockerDesktop\version-bin;C:\WINDOWS\system32;C:\WINDOWS;C:\WINDOWS\System32\Wbem;C:\WINDOWS\System32\WindowsPowerShell\v1.0\;C:\WINDOWS\System32\OpenSSH\;c:\cygwin\bin;C:\Users\kumar\AppData\Roaming\Dashlane\6.1848.0.15588\bin\Firefox_Extension\{442718d9-475e-452a-b3e1-fb1ee16b8e9f}\components;C:\Users\kumar\AppData\Roaming\Dashlane\6.1848.0.15588\ucrt;C:\Users\kumar\AppData\Roaming\Dashlane\6.1848.0.15588\bin\Qt;C:\Users\kumar\AppData\Roaming\Dashlane\6.1848.0.15588\bin\Ssl;\\ronco\public\dnt\tools;\\ronco\public\dnt\tools\inetW7\bin;C:\Users\kumar\AppData\Local\Programs\Microsoft VS Code\bin;C:\Users\kumar\AppData\Roaming\Dashlane\6.1907.0.17833\bin\Firefox_Extension\{442718d9-475e-452a-b3e1-fb1ee16b8e9f}\components;C:\Users\kumar\AppData\Roaming\Dashlane\6.1907.0.17833\ucrt;C:\Users\kumar\AppData\Roaming\Dashlane\6.1907.0.17833\bin\Qt;C:\Users\kumar\AppData\Roaming\Dashlane\6.1907.0.17833\bin\Ssl;C:\Users\kumar\AppData\Roaming\npm\node_modules\bin;C:\Users\kumar\AppData\Local\Programs\Fiddler;C:\Users\kumar\AppData\Roaming\npm;C:\Users\kumar\AppData\Local\Yarn\bin;;%USERPROFILE%\AppData\Local\Microsoft\WindowsApps

Yarn version: 
  1.22.5

Node version: 
  12.14.0

Platform: 
  win32 x64

Trace: 
  SyntaxError: C:\Public\dev\restaf-server\packages\apijs\package.json: Unexpected token y in JSON at position 0
      at JSON.parse (<anonymous>)
      at C:\Users\kumar\AppData\Roaming\npm\node_modules\yarn\lib\cli.js:1625:59
      at Generator.next (<anonymous>)
      at step (C:\Users\kumar\AppData\Roaming\npm\node_modules\yarn\lib\cli.js:310:30)
      at C:\Users\kumar\AppData\Roaming\npm\node_modules\yarn\lib\cli.js:321:13

npm manifest: 
  yarn {
    "name": "@sassoftware/viya-apiserverjs",
    "version": "0.1.3",
    "description": "Custom app server for Viya apps",
    "author": "Deva Kumaraswamy <deva.kumar@sas.com>",
    "license": "Apache-2.0",
    "main": "./lib/index.js",
    "files": [
      "/lib"
    ],
    "keywords": [
      "restaf",
      "Viya",
      "SAS",
      "server",
      "RESTAPI"
    ],
    "engines": {
      "node": ">=12.14.0"
    },
    "homepage": "https://github.com/sassoftware/restaf-server#readme",
    "repository": {
      "type": "git",
      "url": "https://github.com/sassoftware/restaf-server.git"
    },
    "bin": {
      "@sassoftware/viya-apiserverjs": "./lib/cli.js"
    },
    "bugs": {
      "url": "https://github.com/sassoftware/restaf-server/issues"
    },
    "scripts": {
      "build": "rimraf lib && babel src --out-dir lib && npx shx cp ./src/visionIndex.html ./lib/visionIndex.html",
      "start": "node api --env=./.env --docker=./Dockerfile",
      "debug": "node --inspect-brk api   --env=./.env --docker=./Dockerfile --appenv=appenv.js",
      "lint": "npx eslint --fix src/*.js"
    },
    "dependencies": {
      "@hapi/bell": "^12.1.1",
      "@hapi/boom": "^9.1.1",
      "@hapi/cookie": "^11.0.2",
      "@hapi/h2o2": "^9.0.2",
      "@hapi/hapi": "^20.0.3",
      "@hapi/inert": "^6.0.3",
      "@hapi/joi": "^17.1.1",
      "@hapi/vision": "^6.0.1",
      "axios": "^0.21.1",
      "core-js": "^3.8.1",
      "debug": "^4.3.1",
      "docker-file-parser": "^1.0.5",
      "eslint-config-prettier": "^7.1.0",
      "handlebars": "^4.7.6",
      "hapi-pino": "^8.3.0",
      "hapi-require-https": "^5.0.0",
      "hapi-swagger": "^14.0.0",
      "is-docker": "^2.1.1",
      "jwt-decode": "^3.1.2",
      "minimist": "^1.2.5",
      "node-cache-promise": "^1.0.2",
      "only": "0.0.2",
      "qs": "^6.9.4",
      "regenerator-runtime": "^0.13.7",
      "request-debug": "^0.2.0",
      "selfsigned": "^1.10.8",
      "should-send-same-site-none": "^2.0.5",
      "tcp-ping": "^0.1.1",
      "uuid": "^8.3.2",
      "yargs": "^16.2.0"
    }
  }

yarn manifest: 
  No manifest

Lockfile: 
  No lockfile
